<?xml version="1.0" encoding="UTF-8"?>
<coverage generated="1623389115724" clover="3.2.0">
  <project timestamp="1623389115724" name="All files">
    <metrics statements="109" coveredstatements="109" conditionals="96" coveredconditionals="91" methods="48" coveredmethods="47" elements="253" coveredelements="247" complexity="0" loc="109" ncloc="109" packages="9" files="11" classes="11"/>
    <package name="Elements">
      <metrics statements="2" coveredstatements="2" conditionals="0" coveredconditionals="0" methods="1" coveredmethods="1"/>
      <file name="LoaderSvg.tsx" path="D:\folkbook\frontend\src\components\Elements\LoaderSvg.tsx">
        <metrics statements="2" coveredstatements="2" conditionals="0" coveredconditionals="0" methods="1" coveredmethods="1"/>
        <line num="3" count="1" type="stmt"/>
        <line num="4" count="1" type="stmt"/>
      </file>
    </package>
    <package name="Elements.Button">
      <metrics statements="18" coveredstatements="18" conditionals="18" coveredconditionals="18" methods="10" coveredmethods="10"/>
      <file name="Button.tsx" path="D:\folkbook\frontend\src\components\Elements\Button\Button.tsx">
        <metrics statements="18" coveredstatements="18" conditionals="18" coveredconditionals="18" methods="10" coveredmethods="10"/>
        <line num="30" count="2" type="stmt"/>
        <line num="36" count="3" type="stmt"/>
        <line num="37" count="3" type="cond" truecount="4" falsecount="0"/>
        <line num="38" count="3" type="stmt"/>
        <line num="39" count="3" type="stmt"/>
        <line num="40" count="3" type="cond" truecount="2" falsecount="0"/>
        <line num="41" count="3" type="cond" truecount="2" falsecount="0"/>
        <line num="49" count="2" type="stmt"/>
        <line num="51" count="3" type="cond" truecount="2" falsecount="0"/>
        <line num="52" count="3" type="cond" truecount="2" falsecount="0"/>
        <line num="56" count="2" type="stmt"/>
        <line num="61" count="9" type="stmt"/>
        <line num="63" count="9" type="stmt"/>
        <line num="64" count="2" type="cond" truecount="4" falsecount="0"/>
        <line num="65" count="1" type="stmt"/>
        <line num="69" count="9" type="cond" truecount="2" falsecount="0"/>
        <line num="70" count="3" type="stmt"/>
        <line num="87" count="6" type="stmt"/>
      </file>
    </package>
    <package name="Elements.Input">
      <metrics statements="20" coveredstatements="20" conditionals="18" coveredconditionals="16" methods="9" coveredmethods="9"/>
      <file name="Input.tsx" path="D:\folkbook\frontend\src\components\Elements\Input\Input.tsx">
        <metrics statements="20" coveredstatements="20" conditionals="18" coveredconditionals="16" methods="9" coveredmethods="9"/>
        <line num="30" count="1" type="stmt"/>
        <line num="32" count="2" type="stmt"/>
        <line num="33" count="2" type="stmt"/>
        <line num="48" count="1" type="stmt"/>
        <line num="59" count="1" type="stmt"/>
        <line num="66" count="1" type="stmt"/>
        <line num="70" count="2" type="stmt"/>
        <line num="75" count="2" type="stmt"/>
        <line num="82" count="1" type="stmt"/>
        <line num="83" count="11" type="stmt"/>
        <line num="84" count="11" type="stmt"/>
        <line num="86" count="11" type="stmt"/>
        <line num="87" count="1" type="cond" truecount="3" falsecount="1"/>
        <line num="88" count="1" type="stmt"/>
        <line num="92" count="11" type="stmt"/>
        <line num="93" count="1" type="cond" truecount="1" falsecount="1"/>
        <line num="94" count="1" type="stmt"/>
        <line num="98" count="11" type="stmt"/>
        <line num="101" count="2" type="cond" truecount="2" falsecount="0"/>
        <line num="109" count="1" type="stmt"/>
      </file>
    </package>
    <package name="Elements.Loader">
      <metrics statements="5" coveredstatements="5" conditionals="0" coveredconditionals="0" methods="1" coveredmethods="1"/>
      <file name="Loader.tsx" path="D:\folkbook\frontend\src\components\Elements\Loader\Loader.tsx">
        <metrics statements="5" coveredstatements="5" conditionals="0" coveredconditionals="0" methods="1" coveredmethods="1"/>
        <line num="6" count="1" type="stmt"/>
        <line num="20" count="1" type="stmt"/>
        <line num="28" count="1" type="stmt"/>
        <line num="36" count="1" type="stmt"/>
        <line num="37" count="1" type="stmt"/>
      </file>
    </package>
    <package name="Elements.Paginator">
      <metrics statements="18" coveredstatements="18" conditionals="26" coveredconditionals="26" methods="7" coveredmethods="7"/>
      <file name="Paginator.tsx" path="D:\folkbook\frontend\src\components\Elements\Paginator\Paginator.tsx">
        <metrics statements="18" coveredstatements="18" conditionals="26" coveredconditionals="26" methods="7" coveredmethods="7"/>
        <line num="19" count="1" type="stmt"/>
        <line num="27" count="1" type="stmt"/>
        <line num="45" count="1" type="stmt"/>
        <line num="46" count="14" type="stmt"/>
        <line num="47" count="14" type="stmt"/>
        <line num="48" count="14" type="stmt"/>
        <line num="56" count="2" type="cond" truecount="2" falsecount="0"/>
        <line num="61" count="2" type="cond" truecount="2" falsecount="0"/>
        <line num="69" count="260" type="cond" truecount="2" falsecount="0"/>
        <line num="70" count="160" type="cond" truecount="2" falsecount="0"/>
        <line num="71" count="86" type="stmt"/>
        <line num="74" count="174" type="cond" truecount="2" falsecount="0"/>
        <line num="75" count="155" type="cond" truecount="2" falsecount="0"/>
        <line num="76" count="123" type="stmt"/>
        <line num="79" count="51" type="stmt"/>
        <line num="85" count="2" type="cond" truecount="2" falsecount="0"/>
        <line num="97" count="2" type="cond" truecount="2" falsecount="0"/>
        <line num="102" count="2" type="cond" truecount="2" falsecount="0"/>
      </file>
    </package>
    <package name="Elements.Popup">
      <metrics statements="20" coveredstatements="20" conditionals="14" coveredconditionals="13" methods="7" coveredmethods="6"/>
      <file name="Popup.tsx" path="D:\folkbook\frontend\src\components\Elements\Popup\Popup.tsx">
        <metrics statements="20" coveredstatements="20" conditionals="14" coveredconditionals="13" methods="7" coveredmethods="6"/>
        <line num="20" count="1" type="stmt"/>
        <line num="32" count="1" type="stmt"/>
        <line num="42" count="1" type="stmt"/>
        <line num="43" count="3" type="cond" truecount="2" falsecount="0"/>
        <line num="54" count="1" type="stmt"/>
        <line num="68" count="1" type="stmt"/>
        <line num="78" count="1" type="stmt"/>
        <line num="87" count="1" type="stmt"/>
        <line num="105" count="1" type="stmt"/>
        <line num="106" count="7" type="stmt"/>
        <line num="107" count="7" type="stmt"/>
        <line num="108" count="3" type="cond" truecount="2" falsecount="0"/>
        <line num="109" count="2" type="stmt"/>
        <line num="110" count="2" type="cond" truecount="1" falsecount="1"/>
        <line num="111" count="2" type="cond" truecount="4" falsecount="0"/>
        <line num="112" count="1" type="stmt"/>
        <line num="117" count="3" type="stmt"/>
        <line num="120" count="7" type="stmt"/>
        <line num="122" count="2" type="cond" truecount="2" falsecount="0"/>
        <line num="127" count="2" type="cond" truecount="2" falsecount="0"/>
      </file>
    </package>
    <package name="Elements.ReactSelect">
      <metrics statements="9" coveredstatements="9" conditionals="10" coveredconditionals="10" methods="6" coveredmethods="6"/>
      <file name="ReactSelect.tsx" path="D:\folkbook\frontend\src\components\Elements\ReactSelect\ReactSelect.tsx">
        <metrics statements="9" coveredstatements="9" conditionals="10" coveredconditionals="10" methods="6" coveredmethods="6"/>
        <line num="25" count="1" type="stmt"/>
        <line num="26" count="1" type="cond" truecount="2" falsecount="0"/>
        <line num="27" count="1" type="cond" truecount="2" falsecount="0"/>
        <line num="28" count="1" type="cond" truecount="2" falsecount="0"/>
        <line num="32" count="1" type="cond" truecount="2" falsecount="0"/>
        <line num="35" count="1" type="cond" truecount="2" falsecount="0"/>
        <line num="42" count="1" type="stmt"/>
        <line num="43" count="1" type="stmt"/>
        <line num="44" count="1" type="stmt"/>
      </file>
    </package>
    <package name="Elements.StyledCheckbox">
      <metrics statements="11" coveredstatements="11" conditionals="8" coveredconditionals="7" methods="4" coveredmethods="4"/>
      <file name="StyledCheckbox.tsx" path="D:\folkbook\frontend\src\components\Elements\StyledCheckbox\StyledCheckbox.tsx">
        <metrics statements="11" coveredstatements="11" conditionals="8" coveredconditionals="7" methods="4" coveredmethods="4"/>
        <line num="22" count="1" type="stmt"/>
        <line num="34" count="1" type="stmt"/>
        <line num="38" count="2" type="cond" truecount="2" falsecount="0"/>
        <line num="49" count="1" type="stmt"/>
        <line num="59" count="2" type="cond" truecount="1" falsecount="1"/>
        <line num="74" count="1" type="stmt"/>
        <line num="89" count="1" type="stmt"/>
        <line num="112" count="1" type="stmt"/>
        <line num="113" count="4" type="stmt"/>
        <line num="115" count="4" type="cond" truecount="2" falsecount="0"/>
        <line num="117" count="4" type="stmt"/>
      </file>
    </package>
    <package name="Icons">
      <metrics statements="6" coveredstatements="6" conditionals="2" coveredconditionals="1" methods="3" coveredmethods="3"/>
      <file name="CheckedIcon.tsx" path="D:\folkbook\frontend\src\components\Icons\CheckedIcon.tsx">
        <metrics statements="2" coveredstatements="2" conditionals="1" coveredconditionals="1" methods="1" coveredmethods="1"/>
        <line num="3" count="1" type="cond" truecount="1" falsecount="0"/>
        <line num="4" count="1" type="stmt"/>
      </file>
      <file name="Close.tsx" path="D:\folkbook\frontend\src\components\Icons\Close.tsx">
        <metrics statements="2" coveredstatements="2" conditionals="1" coveredconditionals="0" methods="1" coveredmethods="1"/>
        <line num="7" count="1" type="cond" truecount="0" falsecount="1"/>
        <line num="8" count="3" type="stmt"/>
      </file>
      <file name="EyeIcon.tsx" path="D:\folkbook\frontend\src\components\Icons\EyeIcon.tsx">
        <metrics statements="2" coveredstatements="2" conditionals="0" coveredconditionals="0" methods="1" coveredmethods="1"/>
        <line num="8" count="1" type="stmt"/>
        <line num="9" count="1" type="stmt"/>
      </file>
    </package>
  </project>
</coverage>
