{"C:\\Work\\folkbook-frontend\\src\\components\\Elements\\LoaderSvg.tsx": {"path":"C:\\Work\\folkbook-frontend\\src\\components\\Elements\\LoaderSvg.tsx","statementMap":{"0":{"start":{"line":3,"column":25},"end":{"line":16,"column":1}},"1":{"start":{"line":4,"column":4},"end":{"line":15,"column":5}}},"fnMap":{"0":{"name":"(anonymous_0)","decl":{"start":{"line":3,"column":25},"end":{"line":3,"column":26}},"loc":{"start":{"line":3,"column":31},"end":{"line":16,"column":1}},"line":3}},"branchMap":{},"s":{"0":1,"1":1},"f":{"0":1},"b":{},"_coverageSchema":"1a1c01bbd47fc00a2c39e90264f33305004495a9","hash":"98e526fe8c5e17aea1586bbce33e4cd83aa31792"}
,"C:\\Work\\folkbook-frontend\\src\\components\\Elements\\Button\\Button.tsx": {"path":"C:\\Work\\folkbook-frontend\\src\\components\\Elements\\Button\\Button.tsx","statementMap":{"0":{"start":{"line":29,"column":22},"end":{"line":46,"column":1}},"1":{"start":{"line":35,"column":23},"end":{"line":35,"column":35}},"2":{"start":{"line":36,"column":27},"end":{"line":36,"column":82}},"3":{"start":{"line":37,"column":23},"end":{"line":37,"column":35}},"4":{"start":{"line":38,"column":24},"end":{"line":38,"column":37}},"5":{"start":{"line":39,"column":22},"end":{"line":39,"column":43}},"6":{"start":{"line":40,"column":23},"end":{"line":40,"column":45}},"7":{"start":{"line":48,"column":14},"end":{"line":52,"column":1}},"8":{"start":{"line":50,"column":26},"end":{"line":50,"column":50}},"9":{"start":{"line":51,"column":22},"end":{"line":51,"column":47}},"10":{"start":{"line":55,"column":15},"end":{"line":102,"column":1}},"11":{"start":{"line":60,"column":33},"end":{"line":60,"column":38}},"12":{"start":{"line":62,"column":25},"end":{"line":66,"column":5}},"13":{"start":{"line":63,"column":8},"end":{"line":65,"column":9}},"14":{"start":{"line":64,"column":12},"end":{"line":64,"column":22}},"15":{"start":{"line":68,"column":4},"end":{"line":101,"column":5}},"16":{"start":{"line":69,"column":8},"end":{"line":84,"column":10}},"17":{"start":{"line":86,"column":8},"end":{"line":100,"column":9}}},"fnMap":{"0":{"name":"(anonymous_0)","decl":{"start":{"line":35,"column":14},"end":{"line":35,"column":15}},"loc":{"start":{"line":35,"column":23},"end":{"line":35,"column":35}},"line":35},"1":{"name":"(anonymous_1)","decl":{"start":{"line":36,"column":18},"end":{"line":36,"column":19}},"loc":{"start":{"line":36,"column":27},"end":{"line":36,"column":82}},"line":36},"2":{"name":"(anonymous_2)","decl":{"start":{"line":37,"column":14},"end":{"line":37,"column":15}},"loc":{"start":{"line":37,"column":23},"end":{"line":37,"column":35}},"line":37},"3":{"name":"(anonymous_3)","decl":{"start":{"line":38,"column":15},"end":{"line":38,"column":16}},"loc":{"start":{"line":38,"column":24},"end":{"line":38,"column":37}},"line":38},"4":{"name":"(anonymous_4)","decl":{"start":{"line":39,"column":13},"end":{"line":39,"column":14}},"loc":{"start":{"line":39,"column":22},"end":{"line":39,"column":43}},"line":39},"5":{"name":"(anonymous_5)","decl":{"start":{"line":40,"column":14},"end":{"line":40,"column":15}},"loc":{"start":{"line":40,"column":23},"end":{"line":40,"column":45}},"line":40},"6":{"name":"(anonymous_6)","decl":{"start":{"line":50,"column":17},"end":{"line":50,"column":18}},"loc":{"start":{"line":50,"column":26},"end":{"line":50,"column":50}},"line":50},"7":{"name":"(anonymous_7)","decl":{"start":{"line":51,"column":13},"end":{"line":51,"column":14}},"loc":{"start":{"line":51,"column":22},"end":{"line":51,"column":47}},"line":51},"8":{"name":"(anonymous_8)","decl":{"start":{"line":55,"column":15},"end":{"line":55,"column":16}},"loc":{"start":{"line":55,"column":42},"end":{"line":102,"column":1}},"line":55},"9":{"name":"(anonymous_9)","decl":{"start":{"line":62,"column":25},"end":{"line":62,"column":26}},"loc":{"start":{"line":62,"column":31},"end":{"line":66,"column":5}},"line":62}},"branchMap":{"0":{"loc":{"start":{"line":36,"column":27},"end":{"line":36,"column":82}},"type":"cond-expr","locations":[{"start":{"line":36,"column":44},"end":{"line":36,"column":50}},{"start":{"line":36,"column":53},"end":{"line":36,"column":82}}],"line":36},"1":{"loc":{"start":{"line":36,"column":53},"end":{"line":36,"column":82}},"type":"binary-expr","locations":[{"start":{"line":36,"column":53},"end":{"line":36,"column":69}},{"start":{"line":36,"column":73},"end":{"line":36,"column":82}}],"line":36},"2":{"loc":{"start":{"line":39,"column":22},"end":{"line":39,"column":43}},"type":"binary-expr","locations":[{"start":{"line":39,"column":22},"end":{"line":39,"column":33}},{"start":{"line":39,"column":37},"end":{"line":39,"column":43}}],"line":39},"3":{"loc":{"start":{"line":40,"column":23},"end":{"line":40,"column":45}},"type":"binary-expr","locations":[{"start":{"line":40,"column":23},"end":{"line":40,"column":35}},{"start":{"line":40,"column":39},"end":{"line":40,"column":45}}],"line":40},"4":{"loc":{"start":{"line":50,"column":26},"end":{"line":50,"column":50}},"type":"binary-expr","locations":[{"start":{"line":50,"column":26},"end":{"line":50,"column":40}},{"start":{"line":50,"column":44},"end":{"line":50,"column":50}}],"line":50},"5":{"loc":{"start":{"line":51,"column":22},"end":{"line":51,"column":47}},"type":"binary-expr","locations":[{"start":{"line":51,"column":22},"end":{"line":51,"column":37}},{"start":{"line":51,"column":41},"end":{"line":51,"column":47}}],"line":51},"6":{"loc":{"start":{"line":63,"column":8},"end":{"line":65,"column":9}},"type":"if","locations":[{"start":{"line":63,"column":8},"end":{"line":65,"column":9}},{"start":{"line":63,"column":8},"end":{"line":65,"column":9}}],"line":63},"7":{"loc":{"start":{"line":63,"column":12},"end":{"line":63,"column":32}},"type":"binary-expr","locations":[{"start":{"line":63,"column":12},"end":{"line":63,"column":21}},{"start":{"line":63,"column":25},"end":{"line":63,"column":32}}],"line":63},"8":{"loc":{"start":{"line":68,"column":4},"end":{"line":101,"column":5}},"type":"if","locations":[{"start":{"line":68,"column":4},"end":{"line":101,"column":5}},{"start":{"line":68,"column":4},"end":{"line":101,"column":5}}],"line":68}},"s":{"0":1,"1":3,"2":3,"3":3,"4":3,"5":3,"6":3,"7":1,"8":3,"9":3,"10":1,"11":9,"12":9,"13":2,"14":1,"15":9,"16":3,"17":6},"f":{"0":3,"1":3,"2":3,"3":3,"4":3,"5":3,"6":3,"7":3,"8":9,"9":2},"b":{"0":[1,2],"1":[2,1],"2":[3,3],"3":[3,3],"4":[3,3],"5":[3,1],"6":[1,1],"7":[2,1],"8":[3,6]},"_coverageSchema":"1a1c01bbd47fc00a2c39e90264f33305004495a9","hash":"6b4da8f5e6de5efa042484773749a38950347f33"}
,"C:\\Work\\folkbook-frontend\\src\\components\\Elements\\Loader\\Loader.tsx": {"path":"C:\\Work\\folkbook-frontend\\src\\components\\Elements\\Loader\\Loader.tsx","statementMap":{"0":{"start":{"line":6,"column":16},"end":{"line":18,"column":1}},"1":{"start":{"line":20,"column":14},"end":{"line":26,"column":1}},"2":{"start":{"line":28,"column":22},"end":{"line":33,"column":1}},"3":{"start":{"line":36,"column":15},"end":{"line":45,"column":1}},"4":{"start":{"line":37,"column":4},"end":{"line":44,"column":5}}},"fnMap":{"0":{"name":"(anonymous_0)","decl":{"start":{"line":36,"column":15},"end":{"line":36,"column":16}},"loc":{"start":{"line":36,"column":21},"end":{"line":45,"column":1}},"line":36}},"branchMap":{},"s":{"0":1,"1":1,"2":1,"3":1,"4":1},"f":{"0":1},"b":{},"_coverageSchema":"1a1c01bbd47fc00a2c39e90264f33305004495a9","hash":"251c478aa75dc2e5bb75e41197363535e925088e"}
}
