{"D:\\folkbook\\frontend\\src\\components\\Elements\\LoaderSvg.tsx": {"path":"D:\\folkbook\\frontend\\src\\components\\Elements\\LoaderSvg.tsx","statementMap":{"0":{"start":{"line":3,"column":25},"end":{"line":16,"column":1}},"1":{"start":{"line":4,"column":4},"end":{"line":15,"column":5}}},"fnMap":{"0":{"name":"(anonymous_0)","decl":{"start":{"line":3,"column":25},"end":{"line":3,"column":26}},"loc":{"start":{"line":3,"column":31},"end":{"line":16,"column":1}},"line":3}},"branchMap":{},"s":{"0":1,"1":1},"f":{"0":1},"b":{},"_coverageSchema":"1a1c01bbd47fc00a2c39e90264f33305004495a9","hash":"4bb2b7a2863756acc56421037ef12f9994da9482"}
,"D:\\folkbook\\frontend\\src\\components\\Elements\\Button\\Button.tsx": {"path":"D:\\folkbook\\frontend\\src\\components\\Elements\\Button\\Button.tsx","statementMap":{"0":{"start":{"line":30,"column":22},"end":{"line":47,"column":1}},"1":{"start":{"line":36,"column":23},"end":{"line":36,"column":35}},"2":{"start":{"line":37,"column":27},"end":{"line":37,"column":82}},"3":{"start":{"line":38,"column":23},"end":{"line":38,"column":35}},"4":{"start":{"line":39,"column":24},"end":{"line":39,"column":37}},"5":{"start":{"line":40,"column":22},"end":{"line":40,"column":43}},"6":{"start":{"line":41,"column":23},"end":{"line":41,"column":45}},"7":{"start":{"line":49,"column":14},"end":{"line":53,"column":1}},"8":{"start":{"line":51,"column":26},"end":{"line":51,"column":50}},"9":{"start":{"line":52,"column":22},"end":{"line":52,"column":47}},"10":{"start":{"line":56,"column":15},"end":{"line":103,"column":1}},"11":{"start":{"line":61,"column":33},"end":{"line":61,"column":38}},"12":{"start":{"line":63,"column":25},"end":{"line":67,"column":5}},"13":{"start":{"line":64,"column":8},"end":{"line":66,"column":9}},"14":{"start":{"line":65,"column":12},"end":{"line":65,"column":22}},"15":{"start":{"line":69,"column":4},"end":{"line":102,"column":5}},"16":{"start":{"line":70,"column":8},"end":{"line":85,"column":10}},"17":{"start":{"line":87,"column":8},"end":{"line":101,"column":9}}},"fnMap":{"0":{"name":"(anonymous_0)","decl":{"start":{"line":36,"column":14},"end":{"line":36,"column":15}},"loc":{"start":{"line":36,"column":23},"end":{"line":36,"column":35}},"line":36},"1":{"name":"(anonymous_1)","decl":{"start":{"line":37,"column":18},"end":{"line":37,"column":19}},"loc":{"start":{"line":37,"column":27},"end":{"line":37,"column":82}},"line":37},"2":{"name":"(anonymous_2)","decl":{"start":{"line":38,"column":14},"end":{"line":38,"column":15}},"loc":{"start":{"line":38,"column":23},"end":{"line":38,"column":35}},"line":38},"3":{"name":"(anonymous_3)","decl":{"start":{"line":39,"column":15},"end":{"line":39,"column":16}},"loc":{"start":{"line":39,"column":24},"end":{"line":39,"column":37}},"line":39},"4":{"name":"(anonymous_4)","decl":{"start":{"line":40,"column":13},"end":{"line":40,"column":14}},"loc":{"start":{"line":40,"column":22},"end":{"line":40,"column":43}},"line":40},"5":{"name":"(anonymous_5)","decl":{"start":{"line":41,"column":14},"end":{"line":41,"column":15}},"loc":{"start":{"line":41,"column":23},"end":{"line":41,"column":45}},"line":41},"6":{"name":"(anonymous_6)","decl":{"start":{"line":51,"column":17},"end":{"line":51,"column":18}},"loc":{"start":{"line":51,"column":26},"end":{"line":51,"column":50}},"line":51},"7":{"name":"(anonymous_7)","decl":{"start":{"line":52,"column":13},"end":{"line":52,"column":14}},"loc":{"start":{"line":52,"column":22},"end":{"line":52,"column":47}},"line":52},"8":{"name":"(anonymous_8)","decl":{"start":{"line":56,"column":15},"end":{"line":56,"column":16}},"loc":{"start":{"line":56,"column":42},"end":{"line":103,"column":1}},"line":56},"9":{"name":"(anonymous_9)","decl":{"start":{"line":63,"column":25},"end":{"line":63,"column":26}},"loc":{"start":{"line":63,"column":31},"end":{"line":67,"column":5}},"line":63}},"branchMap":{"0":{"loc":{"start":{"line":37,"column":27},"end":{"line":37,"column":82}},"type":"cond-expr","locations":[{"start":{"line":37,"column":44},"end":{"line":37,"column":50}},{"start":{"line":37,"column":53},"end":{"line":37,"column":82}}],"line":37},"1":{"loc":{"start":{"line":37,"column":53},"end":{"line":37,"column":82}},"type":"binary-expr","locations":[{"start":{"line":37,"column":53},"end":{"line":37,"column":69}},{"start":{"line":37,"column":73},"end":{"line":37,"column":82}}],"line":37},"2":{"loc":{"start":{"line":40,"column":22},"end":{"line":40,"column":43}},"type":"binary-expr","locations":[{"start":{"line":40,"column":22},"end":{"line":40,"column":33}},{"start":{"line":40,"column":37},"end":{"line":40,"column":43}}],"line":40},"3":{"loc":{"start":{"line":41,"column":23},"end":{"line":41,"column":45}},"type":"binary-expr","locations":[{"start":{"line":41,"column":23},"end":{"line":41,"column":35}},{"start":{"line":41,"column":39},"end":{"line":41,"column":45}}],"line":41},"4":{"loc":{"start":{"line":51,"column":26},"end":{"line":51,"column":50}},"type":"binary-expr","locations":[{"start":{"line":51,"column":26},"end":{"line":51,"column":40}},{"start":{"line":51,"column":44},"end":{"line":51,"column":50}}],"line":51},"5":{"loc":{"start":{"line":52,"column":22},"end":{"line":52,"column":47}},"type":"binary-expr","locations":[{"start":{"line":52,"column":22},"end":{"line":52,"column":37}},{"start":{"line":52,"column":41},"end":{"line":52,"column":47}}],"line":52},"6":{"loc":{"start":{"line":64,"column":8},"end":{"line":66,"column":9}},"type":"if","locations":[{"start":{"line":64,"column":8},"end":{"line":66,"column":9}},{"start":{"line":64,"column":8},"end":{"line":66,"column":9}}],"line":64},"7":{"loc":{"start":{"line":64,"column":12},"end":{"line":64,"column":32}},"type":"binary-expr","locations":[{"start":{"line":64,"column":12},"end":{"line":64,"column":21}},{"start":{"line":64,"column":25},"end":{"line":64,"column":32}}],"line":64},"8":{"loc":{"start":{"line":69,"column":4},"end":{"line":102,"column":5}},"type":"if","locations":[{"start":{"line":69,"column":4},"end":{"line":102,"column":5}},{"start":{"line":69,"column":4},"end":{"line":102,"column":5}}],"line":69}},"s":{"0":2,"1":3,"2":3,"3":3,"4":3,"5":3,"6":3,"7":2,"8":3,"9":3,"10":2,"11":9,"12":9,"13":2,"14":1,"15":9,"16":3,"17":6},"f":{"0":3,"1":3,"2":3,"3":3,"4":3,"5":3,"6":3,"7":3,"8":9,"9":2},"b":{"0":[1,2],"1":[2,1],"2":[3,3],"3":[3,3],"4":[3,3],"5":[3,1],"6":[1,1],"7":[2,1],"8":[3,6]},"_coverageSchema":"1a1c01bbd47fc00a2c39e90264f33305004495a9","hash":"23bc53db436918606e8ce3a42713f8a8c2c5407e"}
,"D:\\folkbook\\frontend\\src\\components\\Elements\\Input\\Input.tsx": {"path":"D:\\folkbook\\frontend\\src\\components\\Elements\\Input\\Input.tsx","statementMap":{"0":{"start":{"line":30,"column":21},"end":{"line":46,"column":1}},"1":{"start":{"line":32,"column":22},"end":{"line":32,"column":33}},"2":{"start":{"line":33,"column":23},"end":{"line":33,"column":35}},"3":{"start":{"line":48,"column":14},"end":{"line":57,"column":1}},"4":{"start":{"line":59,"column":20},"end":{"line":64,"column":1}},"5":{"start":{"line":66,"column":20},"end":{"line":79,"column":1}},"6":{"start":{"line":70,"column":23},"end":{"line":70,"column":35}},"7":{"start":{"line":75,"column":24},"end":{"line":75,"column":37}},"8":{"start":{"line":82,"column":14},"end":{"line":124,"column":1}},"9":{"start":{"line":83,"column":119},"end":{"line":83,"column":124}},"10":{"start":{"line":84,"column":50},"end":{"line":84,"column":69}},"11":{"start":{"line":86,"column":30},"end":{"line":90,"column":5}},"12":{"start":{"line":87,"column":8},"end":{"line":89,"column":9}},"13":{"start":{"line":88,"column":12},"end":{"line":88,"column":32}},"14":{"start":{"line":92,"column":28},"end":{"line":96,"column":5}},"15":{"start":{"line":93,"column":8},"end":{"line":95,"column":9}},"16":{"start":{"line":94,"column":12},"end":{"line":94,"column":37}},"17":{"start":{"line":98,"column":4},"end":{"line":123,"column":5}},"18":{"start":{"line":101,"column":37},"end":{"line":101,"column":63}},"19":{"start":{"line":109,"column":44},"end":{"line":109,"column":80}}},"fnMap":{"0":{"name":"(anonymous_0)","decl":{"start":{"line":32,"column":13},"end":{"line":32,"column":14}},"loc":{"start":{"line":32,"column":22},"end":{"line":32,"column":33}},"line":32},"1":{"name":"(anonymous_1)","decl":{"start":{"line":33,"column":14},"end":{"line":33,"column":15}},"loc":{"start":{"line":33,"column":23},"end":{"line":33,"column":35}},"line":33},"2":{"name":"(anonymous_2)","decl":{"start":{"line":70,"column":14},"end":{"line":70,"column":15}},"loc":{"start":{"line":70,"column":23},"end":{"line":70,"column":35}},"line":70},"3":{"name":"(anonymous_3)","decl":{"start":{"line":75,"column":15},"end":{"line":75,"column":16}},"loc":{"start":{"line":75,"column":24},"end":{"line":75,"column":37}},"line":75},"4":{"name":"(anonymous_4)","decl":{"start":{"line":82,"column":14},"end":{"line":82,"column":15}},"loc":{"start":{"line":82,"column":41},"end":{"line":124,"column":1}},"line":82},"5":{"name":"(anonymous_5)","decl":{"start":{"line":86,"column":30},"end":{"line":86,"column":31}},"loc":{"start":{"line":86,"column":62},"end":{"line":90,"column":5}},"line":86},"6":{"name":"(anonymous_6)","decl":{"start":{"line":92,"column":28},"end":{"line":92,"column":29}},"loc":{"start":{"line":92,"column":66},"end":{"line":96,"column":5}},"line":92},"7":{"name":"(anonymous_7)","decl":{"start":{"line":101,"column":31},"end":{"line":101,"column":32}},"loc":{"start":{"line":101,"column":37},"end":{"line":101,"column":63}},"line":101},"8":{"name":"(anonymous_8)","decl":{"start":{"line":109,"column":38},"end":{"line":109,"column":39}},"loc":{"start":{"line":109,"column":44},"end":{"line":109,"column":80}},"line":109}},"branchMap":{"0":{"loc":{"start":{"line":87,"column":8},"end":{"line":89,"column":9}},"type":"if","locations":[{"start":{"line":87,"column":8},"end":{"line":89,"column":9}},{"start":{"line":87,"column":8},"end":{"line":89,"column":9}}],"line":87},"1":{"loc":{"start":{"line":87,"column":12},"end":{"line":87,"column":49}},"type":"binary-expr","locations":[{"start":{"line":87,"column":12},"end":{"line":87,"column":24}},{"start":{"line":87,"column":28},"end":{"line":87,"column":49}}],"line":87},"2":{"loc":{"start":{"line":93,"column":8},"end":{"line":95,"column":9}},"type":"if","locations":[{"start":{"line":93,"column":8},"end":{"line":95,"column":9}},{"start":{"line":93,"column":8},"end":{"line":95,"column":9}}],"line":93},"3":{"loc":{"start":{"line":101,"column":37},"end":{"line":101,"column":63}},"type":"cond-expr","locations":[{"start":{"line":101,"column":47},"end":{"line":101,"column":56}},{"start":{"line":101,"column":59},"end":{"line":101,"column":63}}],"line":101},"4":{"loc":{"start":{"line":104,"column":16},"end":{"line":105,"column":62}},"type":"cond-expr","locations":[{"start":{"line":104,"column":28},"end":{"line":104,"column":32}},{"start":{"line":105,"column":20},"end":{"line":105,"column":62}}],"line":104},"5":{"loc":{"start":{"line":108,"column":16},"end":{"line":112,"column":30}},"type":"binary-expr","locations":[{"start":{"line":108,"column":16},"end":{"line":108,"column":35}},{"start":{"line":109,"column":16},"end":{"line":112,"column":30}}],"line":108},"6":{"loc":{"start":{"line":117,"column":31},"end":{"line":117,"column":87}},"type":"cond-expr","locations":[{"start":{"line":117,"column":53},"end":{"line":117,"column":80}},{"start":{"line":117,"column":83},"end":{"line":117,"column":87}}],"line":117},"7":{"loc":{"start":{"line":117,"column":53},"end":{"line":117,"column":80}},"type":"cond-expr","locations":[{"start":{"line":117,"column":71},"end":{"line":117,"column":73}},{"start":{"line":117,"column":76},"end":{"line":117,"column":80}}],"line":117},"8":{"loc":{"start":{"line":121,"column":32},"end":{"line":121,"column":50}},"type":"cond-expr","locations":[{"start":{"line":121,"column":40},"end":{"line":121,"column":45}},{"start":{"line":121,"column":48},"end":{"line":121,"column":50}}],"line":121}},"s":{"0":1,"1":2,"2":2,"3":1,"4":1,"5":1,"6":2,"7":2,"8":1,"9":11,"10":11,"11":11,"12":1,"13":1,"14":11,"15":1,"16":1,"17":11,"18":2,"19":1},"f":{"0":2,"1":2,"2":2,"3":2,"4":11,"5":1,"6":1,"7":2,"8":1},"b":{"0":[1,0],"1":[1,1],"2":[1,0],"3":[1,1],"4":[1,10],"5":[11,4],"6":[4,7],"7":[1,3],"8":[9,2]},"_coverageSchema":"1a1c01bbd47fc00a2c39e90264f33305004495a9","hash":"7883501329bfcf80d992eeb652e3ea287fca16cb"}
,"D:\\folkbook\\frontend\\src\\components\\Elements\\Loader\\Loader.tsx": {"path":"D:\\folkbook\\frontend\\src\\components\\Elements\\Loader\\Loader.tsx","statementMap":{"0":{"start":{"line":6,"column":16},"end":{"line":18,"column":1}},"1":{"start":{"line":20,"column":14},"end":{"line":26,"column":1}},"2":{"start":{"line":28,"column":22},"end":{"line":33,"column":1}},"3":{"start":{"line":36,"column":15},"end":{"line":45,"column":1}},"4":{"start":{"line":37,"column":4},"end":{"line":44,"column":5}}},"fnMap":{"0":{"name":"(anonymous_0)","decl":{"start":{"line":36,"column":15},"end":{"line":36,"column":16}},"loc":{"start":{"line":36,"column":21},"end":{"line":45,"column":1}},"line":36}},"branchMap":{},"s":{"0":1,"1":1,"2":1,"3":1,"4":1},"f":{"0":1},"b":{},"_coverageSchema":"1a1c01bbd47fc00a2c39e90264f33305004495a9","hash":"67d3626aaa44499afccd6860f853370091da0b44"}
,"D:\\folkbook\\frontend\\src\\components\\Elements\\Paginator\\Paginator.tsx": {"path":"D:\\folkbook\\frontend\\src\\components\\Elements\\Paginator\\Paginator.tsx","statementMap":{"0":{"start":{"line":19,"column":25},"end":{"line":25,"column":1}},"1":{"start":{"line":27,"column":13},"end":{"line":42,"column":3}},"2":{"start":{"line":45,"column":18},"end":{"line":108,"column":1}},"3":{"start":{"line":46,"column":72},"end":{"line":46,"column":77}},"4":{"start":{"line":47,"column":22},"end":{"line":47,"column":55}},"5":{"start":{"line":48,"column":4},"end":{"line":107,"column":5}},"6":{"start":{"line":56,"column":47},"end":{"line":56,"column":96}},"7":{"start":{"line":61,"column":47},"end":{"line":61,"column":108}},"8":{"start":{"line":69,"column":32},"end":{"line":73,"column":33}},"9":{"start":{"line":70,"column":36},"end":{"line":72,"column":37}},"10":{"start":{"line":71,"column":40},"end":{"line":71,"column":52}},"11":{"start":{"line":74,"column":32},"end":{"line":78,"column":33}},"12":{"start":{"line":75,"column":36},"end":{"line":77,"column":37}},"13":{"start":{"line":76,"column":40},"end":{"line":76,"column":52}},"14":{"start":{"line":79,"column":32},"end":{"line":87,"column":33}},"15":{"start":{"line":85,"column":59},"end":{"line":85,"column":114}},"16":{"start":{"line":97,"column":47},"end":{"line":97,"column":116}},"17":{"start":{"line":102,"column":47},"end":{"line":102,"column":112}}},"fnMap":{"0":{"name":"(anonymous_0)","decl":{"start":{"line":45,"column":18},"end":{"line":45,"column":19}},"loc":{"start":{"line":45,"column":36},"end":{"line":108,"column":1}},"line":45},"1":{"name":"(anonymous_1)","decl":{"start":{"line":56,"column":41},"end":{"line":56,"column":42}},"loc":{"start":{"line":56,"column":47},"end":{"line":56,"column":96}},"line":56},"2":{"name":"(anonymous_2)","decl":{"start":{"line":61,"column":41},"end":{"line":61,"column":42}},"loc":{"start":{"line":61,"column":47},"end":{"line":61,"column":108}},"line":61},"3":{"name":"(anonymous_3)","decl":{"start":{"line":68,"column":61},"end":{"line":68,"column":62}},"loc":{"start":{"line":68,"column":74},"end":{"line":88,"column":29}},"line":68},"4":{"name":"(anonymous_4)","decl":{"start":{"line":85,"column":53},"end":{"line":85,"column":54}},"loc":{"start":{"line":85,"column":59},"end":{"line":85,"column":114}},"line":85},"5":{"name":"(anonymous_5)","decl":{"start":{"line":97,"column":41},"end":{"line":97,"column":42}},"loc":{"start":{"line":97,"column":47},"end":{"line":97,"column":116}},"line":97},"6":{"name":"(anonymous_6)","decl":{"start":{"line":102,"column":41},"end":{"line":102,"column":42}},"loc":{"start":{"line":102,"column":47},"end":{"line":102,"column":112}},"line":102}},"branchMap":{"0":{"loc":{"start":{"line":51,"column":16},"end":{"line":104,"column":23}},"type":"cond-expr","locations":[{"start":{"line":51,"column":32},"end":{"line":51,"column":36}},{"start":{"line":52,"column":20},"end":{"line":104,"column":23}}],"line":51},"1":{"loc":{"start":{"line":56,"column":47},"end":{"line":56,"column":96}},"type":"cond-expr","locations":[{"start":{"line":56,"column":67},"end":{"line":56,"column":71}},{"start":{"line":56,"column":74},"end":{"line":56,"column":96}}],"line":56},"2":{"loc":{"start":{"line":61,"column":47},"end":{"line":61,"column":108}},"type":"cond-expr","locations":[{"start":{"line":61,"column":67},"end":{"line":61,"column":71}},{"start":{"line":61,"column":74},"end":{"line":61,"column":108}}],"line":61},"3":{"loc":{"start":{"line":64,"column":28},"end":{"line":65,"column":48}},"type":"cond-expr","locations":[{"start":{"line":64,"column":46},"end":{"line":64,"column":50}},{"start":{"line":65,"column":32},"end":{"line":65,"column":48}}],"line":64},"4":{"loc":{"start":{"line":69,"column":32},"end":{"line":73,"column":33}},"type":"if","locations":[{"start":{"line":69,"column":32},"end":{"line":73,"column":33}},{"start":{"line":69,"column":32},"end":{"line":73,"column":33}}],"line":69},"5":{"loc":{"start":{"line":70,"column":36},"end":{"line":72,"column":37}},"type":"if","locations":[{"start":{"line":70,"column":36},"end":{"line":72,"column":37}},{"start":{"line":70,"column":36},"end":{"line":72,"column":37}}],"line":70},"6":{"loc":{"start":{"line":74,"column":32},"end":{"line":78,"column":33}},"type":"if","locations":[{"start":{"line":74,"column":32},"end":{"line":78,"column":33}},{"start":{"line":74,"column":32},"end":{"line":78,"column":33}}],"line":74},"7":{"loc":{"start":{"line":75,"column":36},"end":{"line":77,"column":37}},"type":"if","locations":[{"start":{"line":75,"column":36},"end":{"line":77,"column":37}},{"start":{"line":75,"column":36},"end":{"line":77,"column":37}}],"line":75},"8":{"loc":{"start":{"line":84,"column":56},"end":{"line":84,"column":94}},"type":"cond-expr","locations":[{"start":{"line":84,"column":80},"end":{"line":84,"column":89}},{"start":{"line":84,"column":92},"end":{"line":84,"column":94}}],"line":84},"9":{"loc":{"start":{"line":85,"column":59},"end":{"line":85,"column":114}},"type":"cond-expr","locations":[{"start":{"line":85,"column":83},"end":{"line":85,"column":87}},{"start":{"line":85,"column":90},"end":{"line":85,"column":114}}],"line":85},"10":{"loc":{"start":{"line":91,"column":28},"end":{"line":92,"column":48}},"type":"cond-expr","locations":[{"start":{"line":91,"column":56},"end":{"line":91,"column":60}},{"start":{"line":92,"column":32},"end":{"line":92,"column":48}}],"line":91},"11":{"loc":{"start":{"line":97,"column":47},"end":{"line":97,"column":116}},"type":"cond-expr","locations":[{"start":{"line":97,"column":75},"end":{"line":97,"column":79}},{"start":{"line":97,"column":82},"end":{"line":97,"column":116}}],"line":97},"12":{"loc":{"start":{"line":102,"column":47},"end":{"line":102,"column":112}},"type":"cond-expr","locations":[{"start":{"line":102,"column":75},"end":{"line":102,"column":79}},{"start":{"line":102,"column":82},"end":{"line":102,"column":112}}],"line":102}},"s":{"0":1,"1":1,"2":1,"3":14,"4":14,"5":14,"6":2,"7":2,"8":260,"9":160,"10":86,"11":174,"12":155,"13":123,"14":51,"15":2,"16":2,"17":2},"f":{"0":14,"1":2,"2":2,"3":260,"4":2,"5":2,"6":2},"b":{"0":[1,13],"1":[1,1],"2":[1,1],"3":[5,8],"4":[160,100],"5":[86,74],"6":[155,19],"7":[123,32],"8":[13,38],"9":[1,1],"10":[5,8],"11":[1,1],"12":[1,1]},"_coverageSchema":"1a1c01bbd47fc00a2c39e90264f33305004495a9","hash":"e192c5b0a8eb4e5821ed4be025a8df92bef44077"}
,"D:\\folkbook\\frontend\\src\\components\\Elements\\Popup\\Popup.tsx": {"path":"D:\\folkbook\\frontend\\src\\components\\Elements\\Popup\\Popup.tsx","statementMap":{"0":{"start":{"line":20,"column":16},"end":{"line":30,"column":1}},"1":{"start":{"line":32,"column":19},"end":{"line":40,"column":1}},"2":{"start":{"line":42,"column":23},"end":{"line":52,"column":1}},"3":{"start":{"line":43,"column":22},"end":{"line":43,"column":43}},"4":{"start":{"line":54,"column":15},"end":{"line":66,"column":1}},"5":{"start":{"line":68,"column":16},"end":{"line":76,"column":1}},"6":{"start":{"line":78,"column":25},"end":{"line":85,"column":1}},"7":{"start":{"line":87,"column":22},"end":{"line":102,"column":1}},"8":{"start":{"line":105,"column":14},"end":{"line":137,"column":1}},"9":{"start":{"line":106,"column":74},"end":{"line":106,"column":79}},"10":{"start":{"line":107,"column":4},"end":{"line":118,"column":7}},"11":{"start":{"line":108,"column":8},"end":{"line":115,"column":9}},"12":{"start":{"line":109,"column":12},"end":{"line":114,"column":14}},"13":{"start":{"line":110,"column":16},"end":{"line":110,"column":42}},"14":{"start":{"line":111,"column":16},"end":{"line":113,"column":17}},"15":{"start":{"line":112,"column":20},"end":{"line":112,"column":30}},"16":{"start":{"line":117,"column":8},"end":{"line":117,"column":49}},"17":{"start":{"line":117,"column":22},"end":{"line":117,"column":47}},"18":{"start":{"line":120,"column":4},"end":{"line":136,"column":5}},"19":{"start":{"line":122,"column":39},"end":{"line":122,"column":65}},"20":{"start":{"line":127,"column":50},"end":{"line":127,"column":76}}},"fnMap":{"0":{"name":"(anonymous_0)","decl":{"start":{"line":43,"column":13},"end":{"line":43,"column":14}},"loc":{"start":{"line":43,"column":22},"end":{"line":43,"column":43}},"line":43},"1":{"name":"(anonymous_1)","decl":{"start":{"line":105,"column":14},"end":{"line":105,"column":15}},"loc":{"start":{"line":105,"column":37},"end":{"line":137,"column":1}},"line":105},"2":{"name":"(anonymous_2)","decl":{"start":{"line":107,"column":14},"end":{"line":107,"column":15}},"loc":{"start":{"line":107,"column":20},"end":{"line":118,"column":5}},"line":107},"3":{"name":"(anonymous_3)","decl":{"start":{"line":109,"column":33},"end":{"line":109,"column":34}},"loc":{"start":{"line":109,"column":40},"end":{"line":114,"column":13}},"line":109},"4":{"name":"(anonymous_4)","decl":{"start":{"line":117,"column":15},"end":{"line":117,"column":16}},"loc":{"start":{"line":117,"column":21},"end":{"line":117,"column":48}},"line":117},"5":{"name":"(anonymous_5)","decl":{"start":{"line":122,"column":33},"end":{"line":122,"column":34}},"loc":{"start":{"line":122,"column":39},"end":{"line":122,"column":65}},"line":122},"6":{"name":"(anonymous_6)","decl":{"start":{"line":127,"column":44},"end":{"line":127,"column":45}},"loc":{"start":{"line":127,"column":50},"end":{"line":127,"column":76}},"line":127}},"branchMap":{"0":{"loc":{"start":{"line":43,"column":22},"end":{"line":43,"column":43}},"type":"binary-expr","locations":[{"start":{"line":43,"column":22},"end":{"line":43,"column":33}},{"start":{"line":43,"column":37},"end":{"line":43,"column":43}}],"line":43},"1":{"loc":{"start":{"line":108,"column":8},"end":{"line":115,"column":9}},"type":"if","locations":[{"start":{"line":108,"column":8},"end":{"line":115,"column":9}},{"start":{"line":108,"column":8},"end":{"line":115,"column":9}}],"line":108},"2":{"loc":{"start":{"line":110,"column":22},"end":{"line":110,"column":41}},"type":"binary-expr","locations":[{"start":{"line":110,"column":22},"end":{"line":110,"column":25}},{"start":{"line":110,"column":29},"end":{"line":110,"column":41}}],"line":110},"3":{"loc":{"start":{"line":111,"column":16},"end":{"line":113,"column":17}},"type":"if","locations":[{"start":{"line":111,"column":16},"end":{"line":113,"column":17}},{"start":{"line":111,"column":16},"end":{"line":113,"column":17}}],"line":111},"4":{"loc":{"start":{"line":111,"column":20},"end":{"line":111,"column":48}},"type":"binary-expr","locations":[{"start":{"line":111,"column":20},"end":{"line":111,"column":37}},{"start":{"line":111,"column":41},"end":{"line":111,"column":48}}],"line":111},"5":{"loc":{"start":{"line":122,"column":39},"end":{"line":122,"column":65}},"type":"cond-expr","locations":[{"start":{"line":122,"column":49},"end":{"line":122,"column":58}},{"start":{"line":122,"column":61},"end":{"line":122,"column":65}}],"line":122},"6":{"loc":{"start":{"line":127,"column":50},"end":{"line":127,"column":76}},"type":"cond-expr","locations":[{"start":{"line":127,"column":60},"end":{"line":127,"column":69}},{"start":{"line":127,"column":72},"end":{"line":127,"column":76}}],"line":127}},"s":{"0":1,"1":1,"2":1,"3":3,"4":1,"5":1,"6":1,"7":1,"8":1,"9":7,"10":7,"11":3,"12":2,"13":2,"14":2,"15":1,"16":3,"17":0,"18":7,"19":2,"20":2},"f":{"0":3,"1":7,"2":3,"3":2,"4":0,"5":2,"6":2},"b":{"0":[3,1],"1":[2,1],"2":[2,0],"3":[1,1],"4":[2,2],"5":[1,1],"6":[1,1]},"_coverageSchema":"1a1c01bbd47fc00a2c39e90264f33305004495a9","hash":"ad4f78c2f99fe79b358f4db37374e259cf7f20f9"}
,"D:\\folkbook\\frontend\\src\\components\\Elements\\ReactSelect\\ReactSelect.tsx": {"path":"D:\\folkbook\\frontend\\src\\components\\Elements\\ReactSelect\\ReactSelect.tsx","statementMap":{"0":{"start":{"line":25,"column":21},"end":{"line":38,"column":1}},"1":{"start":{"line":26,"column":21},"end":{"line":26,"column":48}},"2":{"start":{"line":27,"column":20},"end":{"line":27,"column":46}},"3":{"start":{"line":28,"column":21},"end":{"line":28,"column":43}},"4":{"start":{"line":32,"column":27},"end":{"line":32,"column":54}},"5":{"start":{"line":35,"column":35},"end":{"line":35,"column":62}},"6":{"start":{"line":42,"column":20},"end":{"line":56,"column":1}},"7":{"start":{"line":43,"column":75},"end":{"line":43,"column":80}},"8":{"start":{"line":44,"column":4},"end":{"line":55,"column":5}}},"fnMap":{"0":{"name":"(anonymous_0)","decl":{"start":{"line":26,"column":12},"end":{"line":26,"column":13}},"loc":{"start":{"line":26,"column":21},"end":{"line":26,"column":48}},"line":26},"1":{"name":"(anonymous_1)","decl":{"start":{"line":27,"column":11},"end":{"line":27,"column":12}},"loc":{"start":{"line":27,"column":20},"end":{"line":27,"column":46}},"line":27},"2":{"name":"(anonymous_2)","decl":{"start":{"line":28,"column":12},"end":{"line":28,"column":13}},"loc":{"start":{"line":28,"column":21},"end":{"line":28,"column":43}},"line":28},"3":{"name":"(anonymous_3)","decl":{"start":{"line":32,"column":18},"end":{"line":32,"column":19}},"loc":{"start":{"line":32,"column":27},"end":{"line":32,"column":54}},"line":32},"4":{"name":"(anonymous_4)","decl":{"start":{"line":35,"column":26},"end":{"line":35,"column":27}},"loc":{"start":{"line":35,"column":35},"end":{"line":35,"column":62}},"line":35},"5":{"name":"(anonymous_5)","decl":{"start":{"line":42,"column":20},"end":{"line":42,"column":21}},"loc":{"start":{"line":42,"column":38},"end":{"line":56,"column":1}},"line":42}},"branchMap":{"0":{"loc":{"start":{"line":26,"column":21},"end":{"line":26,"column":48}},"type":"binary-expr","locations":[{"start":{"line":26,"column":21},"end":{"line":26,"column":38}},{"start":{"line":26,"column":42},"end":{"line":26,"column":48}}],"line":26},"1":{"loc":{"start":{"line":27,"column":20},"end":{"line":27,"column":46}},"type":"binary-expr","locations":[{"start":{"line":27,"column":20},"end":{"line":27,"column":36}},{"start":{"line":27,"column":40},"end":{"line":27,"column":46}}],"line":27},"2":{"loc":{"start":{"line":28,"column":21},"end":{"line":28,"column":43}},"type":"binary-expr","locations":[{"start":{"line":28,"column":21},"end":{"line":28,"column":33}},{"start":{"line":28,"column":37},"end":{"line":28,"column":43}}],"line":28},"3":{"loc":{"start":{"line":32,"column":27},"end":{"line":32,"column":54}},"type":"binary-expr","locations":[{"start":{"line":32,"column":27},"end":{"line":32,"column":44}},{"start":{"line":32,"column":48},"end":{"line":32,"column":54}}],"line":32},"4":{"loc":{"start":{"line":35,"column":35},"end":{"line":35,"column":62}},"type":"binary-expr","locations":[{"start":{"line":35,"column":35},"end":{"line":35,"column":52}},{"start":{"line":35,"column":56},"end":{"line":35,"column":62}}],"line":35}},"s":{"0":1,"1":1,"2":1,"3":1,"4":1,"5":1,"6":1,"7":1,"8":1},"f":{"0":1,"1":1,"2":1,"3":1,"4":1,"5":1},"b":{"0":[1,1],"1":[1,1],"2":[1,1],"3":[1,1],"4":[1,1]},"_coverageSchema":"1a1c01bbd47fc00a2c39e90264f33305004495a9","hash":"a3c174b349fe529e97e37e28a56ac3c99d1deb00"}
,"D:\\folkbook\\frontend\\src\\components\\Elements\\StyledCheckbox\\StyledCheckbox.tsx": {"path":"D:\\folkbook\\frontend\\src\\components\\Elements\\StyledCheckbox\\StyledCheckbox.tsx","statementMap":{"0":{"start":{"line":22,"column":26},"end":{"line":32,"column":1}},"1":{"start":{"line":34,"column":24},"end":{"line":47,"column":1}},"2":{"start":{"line":38,"column":23},"end":{"line":38,"column":46}},"3":{"start":{"line":49,"column":21},"end":{"line":72,"column":1}},"4":{"start":{"line":59,"column":15},"end":{"line":59,"column":54}},"5":{"start":{"line":74,"column":22},"end":{"line":87,"column":1}},"6":{"start":{"line":89,"column":20},"end":{"line":109,"column":1}},"7":{"start":{"line":112,"column":30},"end":{"line":137,"column":1}},"8":{"start":{"line":113,"column":59},"end":{"line":113,"column":64}},"9":{"start":{"line":115,"column":26},"end":{"line":115,"column":66}},"10":{"start":{"line":115,"column":32},"end":{"line":115,"column":66}},"11":{"start":{"line":117,"column":4},"end":{"line":136,"column":5}}},"fnMap":{"0":{"name":"(anonymous_0)","decl":{"start":{"line":38,"column":14},"end":{"line":38,"column":15}},"loc":{"start":{"line":38,"column":23},"end":{"line":38,"column":46}},"line":38},"1":{"name":"(anonymous_1)","decl":{"start":{"line":59,"column":6},"end":{"line":59,"column":7}},"loc":{"start":{"line":59,"column":15},"end":{"line":59,"column":54}},"line":59},"2":{"name":"(anonymous_2)","decl":{"start":{"line":112,"column":30},"end":{"line":112,"column":31}},"loc":{"start":{"line":112,"column":47},"end":{"line":137,"column":1}},"line":112},"3":{"name":"(anonymous_3)","decl":{"start":{"line":115,"column":26},"end":{"line":115,"column":27}},"loc":{"start":{"line":115,"column":32},"end":{"line":115,"column":66}},"line":115}},"branchMap":{"0":{"loc":{"start":{"line":38,"column":23},"end":{"line":38,"column":46}},"type":"binary-expr","locations":[{"start":{"line":38,"column":23},"end":{"line":38,"column":39}},{"start":{"line":38,"column":43},"end":{"line":38,"column":46}}],"line":38},"1":{"loc":{"start":{"line":59,"column":15},"end":{"line":59,"column":54}},"type":"cond-expr","locations":[{"start":{"line":59,"column":36},"end":{"line":59,"column":49}},{"start":{"line":59,"column":52},"end":{"line":59,"column":54}}],"line":59},"2":{"loc":{"start":{"line":115,"column":32},"end":{"line":115,"column":66}},"type":"cond-expr","locations":[{"start":{"line":115,"column":43},"end":{"line":115,"column":47}},{"start":{"line":115,"column":50},"end":{"line":115,"column":66}}],"line":115},"3":{"loc":{"start":{"line":130,"column":16},"end":{"line":133,"column":30}},"type":"binary-expr","locations":[{"start":{"line":130,"column":16},"end":{"line":130,"column":21}},{"start":{"line":131,"column":16},"end":{"line":133,"column":30}}],"line":130}},"s":{"0":1,"1":1,"2":2,"3":1,"4":2,"5":1,"6":1,"7":1,"8":4,"9":4,"10":2,"11":4},"f":{"0":2,"1":2,"2":4,"3":2},"b":{"0":[2,2],"1":[2,0],"2":[1,1],"3":[4,1]},"_coverageSchema":"1a1c01bbd47fc00a2c39e90264f33305004495a9","hash":"816ee4c3cb9cd8f9fee9af12ad7f4a488babbb09"}
,"D:\\folkbook\\frontend\\src\\components\\Icons\\CheckedIcon.tsx": {"path":"D:\\folkbook\\frontend\\src\\components\\Icons\\CheckedIcon.tsx","statementMap":{"0":{"start":{"line":3,"column":20},"end":{"line":9,"column":1}},"1":{"start":{"line":4,"column":4},"end":{"line":8,"column":5}}},"fnMap":{"0":{"name":"(anonymous_0)","decl":{"start":{"line":3,"column":20},"end":{"line":3,"column":21}},"loc":{"start":{"line":3,"column":59},"end":{"line":9,"column":1}},"line":3}},"branchMap":{"0":{"loc":{"start":{"line":3,"column":22},"end":{"line":3,"column":36}},"type":"default-arg","locations":[{"start":{"line":3,"column":29},"end":{"line":3,"column":36}}],"line":3}},"s":{"0":1,"1":1},"f":{"0":1},"b":{"0":[1]},"_coverageSchema":"1a1c01bbd47fc00a2c39e90264f33305004495a9","hash":"c8f49cd595e263a4dd4741ba18a9faa0a64fa790"}
,"D:\\folkbook\\frontend\\src\\components\\Icons\\Close.tsx": {"path":"D:\\folkbook\\frontend\\src\\components\\Icons\\Close.tsx","statementMap":{"0":{"start":{"line":7,"column":14},"end":{"line":17,"column":1}},"1":{"start":{"line":8,"column":4},"end":{"line":16,"column":5}}},"fnMap":{"0":{"name":"(anonymous_0)","decl":{"start":{"line":7,"column":14},"end":{"line":7,"column":15}},"loc":{"start":{"line":7,"column":46},"end":{"line":17,"column":1}},"line":7}},"branchMap":{"0":{"loc":{"start":{"line":7,"column":16},"end":{"line":7,"column":33}},"type":"default-arg","locations":[{"start":{"line":7,"column":24},"end":{"line":7,"column":33}}],"line":7}},"s":{"0":1,"1":3},"f":{"0":3},"b":{"0":[0]},"_coverageSchema":"1a1c01bbd47fc00a2c39e90264f33305004495a9","hash":"c96e517f20cabc663c4592d8fd40fb8ef958ccbb"}
,"D:\\folkbook\\frontend\\src\\components\\Icons\\EyeIcon.tsx": {"path":"D:\\folkbook\\frontend\\src\\components\\Icons\\EyeIcon.tsx","statementMap":{"0":{"start":{"line":8,"column":16},"end":{"line":43,"column":1}},"1":{"start":{"line":9,"column":4},"end":{"line":42,"column":6}}},"fnMap":{"0":{"name":"(anonymous_0)","decl":{"start":{"line":8,"column":16},"end":{"line":8,"column":17}},"loc":{"start":{"line":8,"column":45},"end":{"line":43,"column":1}},"line":8}},"branchMap":{},"s":{"0":1,"1":1},"f":{"0":1},"b":{},"_coverageSchema":"1a1c01bbd47fc00a2c39e90264f33305004495a9","hash":"8ced32ee90125d2b41a7c11b33a35a04bc2ce4ff"}
}
