TN:
SF:src\components\Elements\LoaderSvg.tsx
FN:3,(anonymous_0)
FNF:1
FNH:1
FNDA:1,(anonymous_0)
DA:3,1
DA:4,1
LF:2
LH:2
BRF:0
BRH:0
end_of_record
TN:
SF:src\components\Elements\Button\Button.tsx
FN:36,(anonymous_0)
FN:37,(anonymous_1)
FN:38,(anonymous_2)
FN:39,(anonymous_3)
FN:40,(anonymous_4)
FN:41,(anonymous_5)
FN:51,(anonymous_6)
FN:52,(anonymous_7)
FN:56,(anonymous_8)
FN:63,(anonymous_9)
FNF:10
FNH:10
FNDA:3,(anonymous_0)
FNDA:3,(anonymous_1)
FNDA:3,(anonymous_2)
FNDA:3,(anonymous_3)
FNDA:3,(anonymous_4)
FNDA:3,(anonymous_5)
FNDA:3,(anonymous_6)
FNDA:3,(anonymous_7)
FNDA:9,(anonymous_8)
FNDA:2,(anonymous_9)
DA:30,2
DA:36,3
DA:37,3
DA:38,3
DA:39,3
DA:40,3
DA:41,3
DA:49,2
DA:51,3
DA:52,3
DA:56,2
DA:61,9
DA:63,9
DA:64,2
DA:65,1
DA:69,9
DA:70,3
DA:87,6
LF:18
LH:18
BRDA:37,0,0,1
BRDA:37,0,1,2
BRDA:37,1,0,2
BRDA:37,1,1,1
BRDA:40,2,0,3
BRDA:40,2,1,3
BRDA:41,3,0,3
BRDA:41,3,1,3
BRDA:51,4,0,3
BRDA:51,4,1,3
BRDA:52,5,0,3
BRDA:52,5,1,1
BRDA:64,6,0,1
BRDA:64,6,1,1
BRDA:64,7,0,2
BRDA:64,7,1,1
BRDA:69,8,0,3
BRDA:69,8,1,6
BRF:18
BRH:18
end_of_record
TN:
SF:src\components\Elements\Input\Input.tsx
FN:32,(anonymous_0)
FN:33,(anonymous_1)
FN:70,(anonymous_2)
FN:75,(anonymous_3)
FN:82,(anonymous_4)
FN:86,(anonymous_5)
FN:92,(anonymous_6)
FN:101,(anonymous_7)
FN:109,(anonymous_8)
FNF:9
FNH:9
FNDA:2,(anonymous_0)
FNDA:2,(anonymous_1)
FNDA:2,(anonymous_2)
FNDA:2,(anonymous_3)
FNDA:11,(anonymous_4)
FNDA:1,(anonymous_5)
FNDA:1,(anonymous_6)
FNDA:2,(anonymous_7)
FNDA:1,(anonymous_8)
DA:30,1
DA:32,2
DA:33,2
DA:48,1
DA:59,1
DA:66,1
DA:70,2
DA:75,2
DA:82,1
DA:83,11
DA:84,11
DA:86,11
DA:87,1
DA:88,1
DA:92,11
DA:93,1
DA:94,1
DA:98,11
DA:101,2
DA:109,1
LF:20
LH:20
BRDA:87,0,0,1
BRDA:87,0,1,0
BRDA:87,1,0,1
BRDA:87,1,1,1
BRDA:93,2,0,1
BRDA:93,2,1,0
BRDA:101,3,0,1
BRDA:101,3,1,1
BRDA:104,4,0,1
BRDA:104,4,1,10
BRDA:108,5,0,11
BRDA:108,5,1,4
BRDA:117,6,0,4
BRDA:117,6,1,7
BRDA:117,7,0,1
BRDA:117,7,1,3
BRDA:121,8,0,9
BRDA:121,8,1,2
BRF:18
BRH:16
end_of_record
TN:
SF:src\components\Elements\Loader\Loader.tsx
FN:36,(anonymous_0)
FNF:1
FNH:1
FNDA:1,(anonymous_0)
DA:6,1
DA:20,1
DA:28,1
DA:36,1
DA:37,1
LF:5
LH:5
BRF:0
BRH:0
end_of_record
TN:
SF:src\components\Elements\Paginator\Paginator.tsx
FN:45,(anonymous_0)
FN:56,(anonymous_1)
FN:61,(anonymous_2)
FN:68,(anonymous_3)
FN:85,(anonymous_4)
FN:97,(anonymous_5)
FN:102,(anonymous_6)
FNF:7
FNH:7
FNDA:14,(anonymous_0)
FNDA:2,(anonymous_1)
FNDA:2,(anonymous_2)
FNDA:260,(anonymous_3)
FNDA:2,(anonymous_4)
FNDA:2,(anonymous_5)
FNDA:2,(anonymous_6)
DA:19,1
DA:27,1
DA:45,1
DA:46,14
DA:47,14
DA:48,14
DA:56,2
DA:61,2
DA:69,260
DA:70,160
DA:71,86
DA:74,174
DA:75,155
DA:76,123
DA:79,51
DA:85,2
DA:97,2
DA:102,2
LF:18
LH:18
BRDA:51,0,0,1
BRDA:51,0,1,13
BRDA:56,1,0,1
BRDA:56,1,1,1
BRDA:61,2,0,1
BRDA:61,2,1,1
BRDA:64,3,0,5
BRDA:64,3,1,8
BRDA:69,4,0,160
BRDA:69,4,1,100
BRDA:70,5,0,86
BRDA:70,5,1,74
BRDA:74,6,0,155
BRDA:74,6,1,19
BRDA:75,7,0,123
BRDA:75,7,1,32
BRDA:84,8,0,13
BRDA:84,8,1,38
BRDA:85,9,0,1
BRDA:85,9,1,1
BRDA:91,10,0,5
BRDA:91,10,1,8
BRDA:97,11,0,1
BRDA:97,11,1,1
BRDA:102,12,0,1
BRDA:102,12,1,1
BRF:26
BRH:26
end_of_record
TN:
SF:src\components\Elements\Popup\Popup.tsx
FN:43,(anonymous_0)
FN:105,(anonymous_1)
FN:107,(anonymous_2)
FN:109,(anonymous_3)
FN:117,(anonymous_4)
FN:122,(anonymous_5)
FN:127,(anonymous_6)
FNF:7
FNH:6
FNDA:3,(anonymous_0)
FNDA:7,(anonymous_1)
FNDA:3,(anonymous_2)
FNDA:2,(anonymous_3)
FNDA:0,(anonymous_4)
FNDA:2,(anonymous_5)
FNDA:2,(anonymous_6)
DA:20,1
DA:32,1
DA:42,1
DA:43,3
DA:54,1
DA:68,1
DA:78,1
DA:87,1
DA:105,1
DA:106,7
DA:107,7
DA:108,3
DA:109,2
DA:110,2
DA:111,2
DA:112,1
DA:117,3
DA:120,7
DA:122,2
DA:127,2
LF:20
LH:20
BRDA:43,0,0,3
BRDA:43,0,1,1
BRDA:108,1,0,2
BRDA:108,1,1,1
BRDA:110,2,0,2
BRDA:110,2,1,0
BRDA:111,3,0,1
BRDA:111,3,1,1
BRDA:111,4,0,2
BRDA:111,4,1,2
BRDA:122,5,0,1
BRDA:122,5,1,1
BRDA:127,6,0,1
BRDA:127,6,1,1
BRF:14
BRH:13
end_of_record
TN:
SF:src\components\Elements\ReactSelect\ReactSelect.tsx
FN:26,(anonymous_0)
FN:27,(anonymous_1)
FN:28,(anonymous_2)
FN:32,(anonymous_3)
FN:35,(anonymous_4)
FN:42,(anonymous_5)
FNF:6
FNH:6
FNDA:1,(anonymous_0)
FNDA:1,(anonymous_1)
FNDA:1,(anonymous_2)
FNDA:1,(anonymous_3)
FNDA:1,(anonymous_4)
FNDA:1,(anonymous_5)
DA:25,1
DA:26,1
DA:27,1
DA:28,1
DA:32,1
DA:35,1
DA:42,1
DA:43,1
DA:44,1
LF:9
LH:9
BRDA:26,0,0,1
BRDA:26,0,1,1
BRDA:27,1,0,1
BRDA:27,1,1,1
BRDA:28,2,0,1
BRDA:28,2,1,1
BRDA:32,3,0,1
BRDA:32,3,1,1
BRDA:35,4,0,1
BRDA:35,4,1,1
BRF:10
BRH:10
end_of_record
TN:
SF:src\components\Elements\StyledCheckbox\StyledCheckbox.tsx
FN:38,(anonymous_0)
FN:59,(anonymous_1)
FN:112,(anonymous_2)
FN:115,(anonymous_3)
FNF:4
FNH:4
FNDA:2,(anonymous_0)
FNDA:2,(anonymous_1)
FNDA:4,(anonymous_2)
FNDA:2,(anonymous_3)
DA:22,1
DA:34,1
DA:38,2
DA:49,1
DA:59,2
DA:74,1
DA:89,1
DA:112,1
DA:113,4
DA:115,4
DA:117,4
LF:11
LH:11
BRDA:38,0,0,2
BRDA:38,0,1,2
BRDA:59,1,0,2
BRDA:59,1,1,0
BRDA:115,2,0,1
BRDA:115,2,1,1
BRDA:130,3,0,4
BRDA:130,3,1,1
BRF:8
BRH:7
end_of_record
TN:
SF:src\components\Icons\CheckedIcon.tsx
FN:3,(anonymous_0)
FNF:1
FNH:1
FNDA:1,(anonymous_0)
DA:3,1
DA:4,1
LF:2
LH:2
BRDA:3,0,0,1
BRF:1
BRH:1
end_of_record
TN:
SF:src\components\Icons\Close.tsx
FN:7,(anonymous_0)
FNF:1
FNH:1
FNDA:3,(anonymous_0)
DA:7,1
DA:8,3
LF:2
LH:2
BRDA:7,0,0,0
BRF:1
BRH:0
end_of_record
TN:
SF:src\components\Icons\EyeIcon.tsx
FN:8,(anonymous_0)
FNF:1
FNH:1
FNDA:1,(anonymous_0)
DA:8,1
DA:9,1
LF:2
LH:2
BRF:0
BRH:0
end_of_record
