TN:
SF:src\components\API.ts
FN:14,(anonymous_0)
FN:17,(anonymous_1)
FN:20,(anonymous_2)
FN:23,(anonymous_3)
FN:26,(anonymous_4)
FN:29,(anonymous_5)
FN:32,(anonymous_6)
FN:35,(anonymous_7)
FN:38,(anonymous_8)
FN:41,(anonymous_9)
FN:44,(anonymous_10)
FN:50,(anonymous_11)
FN:53,(anonymous_12)
FN:56,(anonymous_13)
FN:59,(anonymous_14)
FN:62,(anonymous_15)
FN:65,(anonymous_16)
FN:68,(anonymous_17)
FN:71,(anonymous_18)
FN:74,(anonymous_19)
FN:77,(anonymous_20)
FN:82,(anonymous_21)
FN:85,(anonymous_22)
FN:88,(anonymous_23)
FNF:24
FNH:1
FNDA:1,(anonymous_0)
FNDA:0,(anonymous_1)
FNDA:0,(anonymous_2)
FNDA:0,(anonymous_3)
FNDA:0,(anonymous_4)
FNDA:0,(anonymous_5)
FNDA:0,(anonymous_6)
FNDA:0,(anonymous_7)
FNDA:0,(anonymous_8)
FNDA:0,(anonymous_9)
FNDA:0,(anonymous_10)
FNDA:0,(anonymous_11)
FNDA:0,(anonymous_12)
FNDA:0,(anonymous_13)
FNDA:0,(anonymous_14)
FNDA:0,(anonymous_15)
FNDA:0,(anonymous_16)
FNDA:0,(anonymous_17)
FNDA:0,(anonymous_18)
FNDA:0,(anonymous_19)
FNDA:0,(anonymous_20)
FNDA:0,(anonymous_21)
FNDA:0,(anonymous_22)
FNDA:0,(anonymous_23)
DA:5,1
DA:6,1
DA:10,1
DA:15,1
DA:18,0
DA:21,0
DA:24,0
DA:27,0
DA:30,0
DA:33,0
DA:36,0
DA:39,0
DA:42,0
DA:45,0
DA:51,0
DA:54,0
DA:57,0
DA:60,0
DA:63,0
DA:66,0
DA:69,0
DA:72,0
DA:75,0
DA:78,0
DA:83,0
DA:86,0
DA:89,0
LF:27
LH:4
BRF:0
BRH:0
end_of_record
TN:
SF:src\components\Auth\Auth\Auth.tsx
FN:10,(anonymous_0)
FN:17,(anonymous_1)
FN:61,(anonymous_2)
FN:72,(anonymous_3)
FNF:4
FNH:4
FNDA:9,(anonymous_0)
FNDA:3,(anonymous_1)
FNDA:2,(anonymous_2)
FNDA:1,(anonymous_3)
DA:10,1
DA:11,9
DA:12,9
DA:13,9
DA:14,9
DA:15,9
DA:17,9
DA:18,3
DA:19,1
DA:20,1
DA:21,1
DA:22,1
DA:24,2
DA:25,1
DA:26,1
DA:27,1
DA:28,1
DA:30,1
DA:31,1
DA:32,1
DA:33,0
DA:34,0
DA:35,0
DA:36,0
DA:37,0
DA:38,0
DA:41,0
DA:42,0
DA:43,0
DA:44,0
DA:45,0
DA:48,0
DA:49,0
DA:50,0
DA:55,9
DA:61,2
DA:72,1
LF:37
LH:23
BRDA:18,0,0,1
BRDA:18,0,1,2
BRDA:24,1,0,1
BRDA:24,1,1,1
BRDA:42,2,0,0
BRDA:42,2,1,0
BRF:6
BRH:4
end_of_record
TN:
SF:src\components\Elements\LoaderSvg.tsx
FN:3,(anonymous_0)
FNF:1
FNH:1
FNDA:1,(anonymous_0)
DA:3,1
DA:4,1
LF:2
LH:2
BRF:0
BRH:0
end_of_record
TN:
SF:src\components\Elements\Button\Button.tsx
FN:37,(anonymous_0)
FN:38,(anonymous_1)
FN:39,(anonymous_2)
FN:40,(anonymous_3)
FN:41,(anonymous_4)
FN:42,(anonymous_5)
FN:52,(anonymous_6)
FN:53,(anonymous_7)
FN:57,(anonymous_8)
FN:64,(anonymous_9)
FNF:10
FNH:10
FNDA:12,(anonymous_0)
FNDA:12,(anonymous_1)
FNDA:12,(anonymous_2)
FNDA:12,(anonymous_3)
FNDA:12,(anonymous_4)
FNDA:12,(anonymous_5)
FNDA:12,(anonymous_6)
FNDA:12,(anonymous_7)
FNDA:18,(anonymous_8)
FNDA:5,(anonymous_9)
DA:31,3
DA:37,12
DA:38,12
DA:39,12
DA:40,12
DA:41,12
DA:42,12
DA:50,3
DA:52,12
DA:53,12
DA:57,3
DA:62,18
DA:64,18
DA:65,5
DA:66,4
DA:70,18
DA:71,3
DA:88,15
LF:18
LH:18
BRDA:38,0,0,2
BRDA:38,0,1,10
BRDA:38,1,0,10
BRDA:38,1,1,9
BRDA:41,2,0,12
BRDA:41,2,1,12
BRDA:42,3,0,12
BRDA:42,3,1,3
BRDA:52,4,0,12
BRDA:52,4,1,12
BRDA:53,5,0,12
BRDA:53,5,1,10
BRDA:65,6,0,4
BRDA:65,6,1,1
BRDA:65,7,0,5
BRDA:65,7,1,4
BRDA:70,8,0,3
BRDA:70,8,1,15
BRF:18
BRH:18
end_of_record
TN:
SF:src\components\Elements\Input\Input.tsx
FN:33,(anonymous_0)
FN:34,(anonymous_1)
FN:71,(anonymous_2)
FN:76,(anonymous_3)
FN:83,(anonymous_4)
FN:87,(anonymous_5)
FN:93,(anonymous_6)
FN:102,(anonymous_7)
FN:110,(anonymous_8)
FNF:9
FNH:9
FNDA:20,(anonymous_0)
FNDA:20,(anonymous_1)
FNDA:20,(anonymous_2)
FNDA:20,(anonymous_3)
FNDA:29,(anonymous_4)
FNDA:1,(anonymous_5)
FNDA:1,(anonymous_6)
FNDA:2,(anonymous_7)
FNDA:1,(anonymous_8)
DA:31,2
DA:33,20
DA:34,20
DA:49,2
DA:60,2
DA:67,2
DA:71,20
DA:76,20
DA:83,2
DA:84,29
DA:85,29
DA:87,29
DA:88,1
DA:89,1
DA:93,29
DA:94,1
DA:95,1
DA:99,29
DA:102,2
DA:110,1
LF:20
LH:20
BRDA:88,0,0,1
BRDA:88,0,1,0
BRDA:88,1,0,1
BRDA:88,1,1,1
BRDA:94,2,0,1
BRDA:94,2,1,0
BRDA:102,3,0,1
BRDA:102,3,1,1
BRDA:105,4,0,1
BRDA:105,4,1,28
BRDA:109,5,0,29
BRDA:109,5,1,13
BRDA:118,6,0,13
BRDA:118,6,1,16
BRDA:118,7,0,1
BRDA:118,7,1,12
BRDA:122,8,0,15
BRDA:122,8,1,14
BRF:18
BRH:16
end_of_record
TN:
SF:src\components\Elements\Loader\Loader.tsx
FN:36,(anonymous_0)
FNF:1
FNH:1
FNDA:1,(anonymous_0)
DA:6,1
DA:20,1
DA:28,1
DA:36,1
DA:37,1
LF:5
LH:5
BRF:0
BRH:0
end_of_record
TN:
SF:src\components\Elements\Paginator\Paginator.tsx
FN:45,(anonymous_0)
FN:56,(anonymous_1)
FN:61,(anonymous_2)
FN:68,(anonymous_3)
FN:85,(anonymous_4)
FN:97,(anonymous_5)
FN:102,(anonymous_6)
FNF:7
FNH:7
FNDA:14,(anonymous_0)
FNDA:2,(anonymous_1)
FNDA:2,(anonymous_2)
FNDA:260,(anonymous_3)
FNDA:2,(anonymous_4)
FNDA:2,(anonymous_5)
FNDA:2,(anonymous_6)
DA:19,1
DA:27,1
DA:45,1
DA:46,14
DA:47,14
DA:48,14
DA:56,2
DA:61,2
DA:69,260
DA:70,160
DA:71,86
DA:74,174
DA:75,155
DA:76,123
DA:79,51
DA:85,2
DA:97,2
DA:102,2
LF:18
LH:18
BRDA:51,0,0,1
BRDA:51,0,1,13
BRDA:56,1,0,1
BRDA:56,1,1,1
BRDA:61,2,0,1
BRDA:61,2,1,1
BRDA:64,3,0,5
BRDA:64,3,1,8
BRDA:69,4,0,160
BRDA:69,4,1,100
BRDA:70,5,0,86
BRDA:70,5,1,74
BRDA:74,6,0,155
BRDA:74,6,1,19
BRDA:75,7,0,123
BRDA:75,7,1,32
BRDA:84,8,0,13
BRDA:84,8,1,38
BRDA:85,9,0,1
BRDA:85,9,1,1
BRDA:91,10,0,5
BRDA:91,10,1,8
BRDA:97,11,0,1
BRDA:97,11,1,1
BRDA:102,12,0,1
BRDA:102,12,1,1
BRF:26
BRH:26
end_of_record
TN:
SF:src\components\Elements\Popup\Popup.tsx
FN:43,(anonymous_0)
FN:105,(anonymous_1)
FN:107,(anonymous_2)
FN:109,(anonymous_3)
FN:117,(anonymous_4)
FN:122,(anonymous_5)
FN:127,(anonymous_6)
FNF:7
FNH:6
FNDA:3,(anonymous_0)
FNDA:7,(anonymous_1)
FNDA:3,(anonymous_2)
FNDA:2,(anonymous_3)
FNDA:0,(anonymous_4)
FNDA:2,(anonymous_5)
FNDA:2,(anonymous_6)
DA:20,1
DA:32,1
DA:42,1
DA:43,3
DA:54,1
DA:68,1
DA:78,1
DA:87,1
DA:105,1
DA:106,7
DA:107,7
DA:108,3
DA:109,2
DA:110,2
DA:111,2
DA:112,1
DA:117,3
DA:120,7
DA:122,2
DA:127,2
LF:20
LH:20
BRDA:43,0,0,3
BRDA:43,0,1,1
BRDA:108,1,0,2
BRDA:108,1,1,1
BRDA:110,2,0,2
BRDA:110,2,1,0
BRDA:111,3,0,1
BRDA:111,3,1,1
BRDA:111,4,0,2
BRDA:111,4,1,2
BRDA:122,5,0,1
BRDA:122,5,1,1
BRDA:127,6,0,1
BRDA:127,6,1,1
BRF:14
BRH:13
end_of_record
TN:
SF:src\components\Elements\ReactSelect\ReactSelect.tsx
FN:26,(anonymous_0)
FN:27,(anonymous_1)
FN:28,(anonymous_2)
FN:32,(anonymous_3)
FN:35,(anonymous_4)
FN:42,(anonymous_5)
FNF:6
FNH:6
FNDA:1,(anonymous_0)
FNDA:1,(anonymous_1)
FNDA:1,(anonymous_2)
FNDA:1,(anonymous_3)
FNDA:1,(anonymous_4)
FNDA:1,(anonymous_5)
DA:25,1
DA:26,1
DA:27,1
DA:28,1
DA:32,1
DA:35,1
DA:42,1
DA:43,1
DA:44,1
LF:9
LH:9
BRDA:26,0,0,1
BRDA:26,0,1,1
BRDA:27,1,0,1
BRDA:27,1,1,1
BRDA:28,2,0,1
BRDA:28,2,1,1
BRDA:32,3,0,1
BRDA:32,3,1,1
BRDA:35,4,0,1
BRDA:35,4,1,1
BRF:10
BRH:10
end_of_record
TN:
SF:src\components\Elements\StyledCheckbox\StyledCheckbox.tsx
FN:38,(anonymous_0)
FN:59,(anonymous_1)
FN:112,(anonymous_2)
FN:115,(anonymous_3)
FNF:4
FNH:4
FNDA:2,(anonymous_0)
FNDA:2,(anonymous_1)
FNDA:4,(anonymous_2)
FNDA:2,(anonymous_3)
DA:22,1
DA:34,1
DA:38,2
DA:49,1
DA:59,2
DA:74,1
DA:89,1
DA:112,1
DA:113,4
DA:115,4
DA:117,4
LF:11
LH:11
BRDA:38,0,0,2
BRDA:38,0,1,2
BRDA:59,1,0,2
BRDA:59,1,1,0
BRDA:115,2,0,1
BRDA:115,2,1,1
BRDA:130,3,0,4
BRDA:130,3,1,1
BRF:8
BRH:7
end_of_record
TN:
SF:src\components\Icons\CheckedIcon.tsx
FN:3,(anonymous_0)
FNF:1
FNH:1
FNDA:1,(anonymous_0)
DA:3,1
DA:4,1
LF:2
LH:2
BRDA:3,0,0,1
BRF:1
BRH:1
end_of_record
TN:
SF:src\components\Icons\Close.tsx
FN:7,(anonymous_0)
FNF:1
FNH:1
FNDA:3,(anonymous_0)
DA:7,1
DA:8,3
LF:2
LH:2
BRDA:7,0,0,0
BRF:1
BRH:0
end_of_record
TN:
SF:src\components\Icons\EyeIcon.tsx
FN:8,(anonymous_0)
FNF:1
FNH:1
FNDA:10,(anonymous_0)
DA:8,2
DA:9,10
LF:2
LH:2
BRF:0
BRH:0
end_of_record
TN:
SF:src\config\config.ts
FNF:0
FNH:0
DA:1,1
DA:2,1
DA:4,1
DA:5,1
DA:7,1
LF:5
LH:5
BRDA:5,0,0,1
BRDA:5,0,1,0
BRF:2
BRH:1
end_of_record
TN:
SF:src\reducers\actions.ts
FNF:0
FNH:0
DA:6,1
DA:13,1
LF:2
LH:2
BRF:0
BRH:0
end_of_record
TN:
SF:src\reducers\app.ts
FN:9,app
FNF:1
FNH:1
FNDA:3,app
DA:3,1
DA:11,3
DA:13,0
DA:20,0
DA:27,0
DA:34,3
LF:6
LH:3
BRDA:9,0,0,3
BRDA:11,1,0,0
BRDA:11,1,1,0
BRDA:11,1,2,0
BRDA:11,1,3,3
BRF:5
BRH:2
end_of_record
TN:
SF:src\reducers\books.ts
FN:12,books
FNF:1
FNH:1
FNDA:3,books
DA:3,1
DA:14,3
DA:16,0
DA:23,0
DA:30,0
DA:37,0
DA:44,0
DA:51,0
DA:58,3
LF:9
LH:3
BRDA:12,0,0,3
BRDA:14,1,0,0
BRDA:14,1,1,0
BRDA:14,1,2,0
BRDA:14,1,3,0
BRDA:14,1,4,0
BRDA:14,1,5,0
BRDA:14,1,6,3
BRF:8
BRH:2
end_of_record
TN:
SF:src\reducers\index.ts
FNF:0
FNH:0
DA:7,1
LF:1
LH:1
BRF:0
BRH:0
end_of_record
TN:
SF:src\store\hooks.ts
FN:4,(anonymous_0)
FNF:1
FNH:1
FNDA:9,(anonymous_0)
DA:4,9
DA:5,1
LF:2
LH:2
BRF:0
BRH:0
end_of_record
TN:
SF:src\store\index.ts
FNF:0
FNH:0
DA:5,1
LF:1
LH:1
BRF:0
BRH:0
end_of_record
